13/Mar/2021:13:00:29 713 [App.java] [INFO] calculator.App [SQUAREROOT] - 9.0
13/Mar/2021:13:00:29 718 [App.java] [INFO] calculator.App [RESULT - SQUAREROOT] - 3.0
13/Mar/2021:13:00:58 570 [App.java] [INFO] calculator.App [POWER] - 3.0 3.0
13/Mar/2021:13:00:58 571 [App.java] [INFO] calculator.App [RESULT - POWER] - 27.0
10/Apr/2021:13:35:32 140 [App.java] [INFO] calculator.App [LOGARITHM] - 1.0
10/Apr/2021:13:35:32 153 [App.java] [INFO] calculator.App [RESULT - LOGARITHM] - 0.0
10/Apr/2021:13:35:32 155 [App.java] [INFO] calculator.App [POWER] - 2.0 2.0
10/Apr/2021:13:35:32 155 [App.java] [INFO] calculator.App [RESULT - POWER] - 4.0
10/Apr/2021:13:35:32 156 [App.java] [INFO] calculator.App [SQUAREROOT] - 9.0
10/Apr/2021:13:35:32 156 [App.java] [INFO] calculator.App [RESULT - SQUAREROOT] - 3.0
10/Apr/2021:13:51:05 773 [App.java] [INFO] calculator.App [LOGARITHM] - 1.0
10/Apr/2021:13:51:05 776 [App.java] [INFO] calculator.App [RESULT - LOGARITHM] - 0.0
10/Apr/2021:13:51:05 777 [App.java] [INFO] calculator.App [POWER] - 2.0 2.0
10/Apr/2021:13:51:05 777 [App.java] [INFO] calculator.App [RESULT - POWER] - 4.0
10/Apr/2021:13:51:05 778 [App.java] [INFO] calculator.App [SQUAREROOT] - 9.0
10/Apr/2021:13:51:05 778 [App.java] [INFO] calculator.App [RESULT - SQUAREROOT] - 3.0
10/Apr/2021:14:17:46 158 [App.java] [INFO] calculator.App [LOGARITHM] - 1.0
10/Apr/2021:14:17:46 163 [App.java] [INFO] calculator.App [RESULT - LOGARITHM] - 0.0
10/Apr/2021:14:17:46 164 [App.java] [INFO] calculator.App [POWER] - 2.0 2.0
10/Apr/2021:14:17:46 165 [App.java] [INFO] calculator.App [RESULT - POWER] - 4.0
10/Apr/2021:14:17:46 165 [App.java] [INFO] calculator.App [SQUAREROOT] - 9.0
10/Apr/2021:14:17:46 166 [App.java] [INFO] calculator.App [RESULT - SQUAREROOT] - 3.0
10/Apr/2021:15:09:45 528 [App.java] [INFO] calculator.App [LOGARITHM] - 1.0
10/Apr/2021:15:09:45 531 [App.java] [INFO] calculator.App [RESULT - LOGARITHM] - 0.0
10/Apr/2021:15:09:45 531 [App.java] [INFO] calculator.App [POWER] - 2.0 2.0
10/Apr/2021:15:09:45 532 [App.java] [INFO] calculator.App [RESULT - POWER] - 4.0
10/Apr/2021:15:09:45 532 [App.java] [INFO] calculator.App [SQUAREROOT] - 9.0
10/Apr/2021:15:09:45 533 [App.java] [INFO] calculator.App [RESULT - SQUAREROOT] - 3.0
10/Apr/2021:15:10:27 129 [App.java] [INFO] calculator.App [SQUAREROOT] - 9.0
10/Apr/2021:15:10:27 146 [App.java] [INFO] calculator.App [RESULT - SQUAREROOT] - 3.0
